FUNCTION: getTopK 10 
Result: said, mln, dlr, from, it, vs, pct, ct, ha, year
FUNCTION: getPostings - 
Ordered by doc IDs: 0009604,  0009615,  0009620,  0009621,  0009622,  0009629,  0009631,  0009632,  0009640,  0009644,  0009650,  0009651,  0009654,  0009655,  0009664,  0009665,  0009670,  0009677,  0009690,  0009698,  0009724,  0009726,  0009727,  0009736,  0009741,  0009747,  0009767,  0009774,  0009775,  0009782,  0009788,  0009809,  0009819,  0009820,  0009821,  0009826,  0009836,  0009843,  0009845,  0009847,  0009861,  0009873,  0009893,  0009894,  0009905,  0009933,  0009949,  0009950,  0009955,  0009971,  0009976,  0009978,  0009980,  0009984,  0009988,  0009998,  0009999,  0010003,  0010019,  0010026,  0010032,  0010041,  0010046,  0010051,  0010060,  0010064,  0010066,  0010084,  0010092,  0010108,  0010134,  0010138,  0010145,  0010148,  0010155,  0010158,  0010159,  0010162,  0010168,  0010180,  0010187,  0010202,  0010204,  0010213,  0010214,  0010215,  0010223,  0010224,  0010225,  0010243,  0010256,  0010265,  0010272,  0010273,  0010305,  0010327,  0010349,  0010376,  0010394,  0010405,  0010411,  0010412,  0010421,  0010432,  0010433,  0010446,  0010463,  0010474,  0010476,  0010477,  0010479,  0010490,  0010496,  0010498,  0010499,  0010504,  0010513,  0010514,  0010516,  0010548,  0010556,  0010568,  0010569,  0010573,  0010576,  0010588,  0010598,  0010599,  0010611,  0010612,  0010614,  0010617,  0010618,  0010623,  0010651,  0010652,  0010662,  0010665,  0010671,  0010674,  0010691,  0010693,  0010721,  0010742,  0010748,  0010769,  0010773,  0010784,  0010803,  0010814,  0010825,  0010832,  0010848,  0010850,  0010852,  0010856,  0010857,  0010911,  0010918,  0010949,  0010965,  0010986,  0011003,  0011005,  0011012,  0011032,  0011041,  0011084,  0011085,  0011094,  0011095,  0011097,  0011125,  0011157,  0011172,  0011178,  0011179,  0011180,  0011191,  0011193,  0011210,  0011212,  0011226,  0011236,  0011244,  0011250,  0011262,  0011276,  0011296,  0011306,  0011316,  0011323,  0011330,  0011336,  0011337,  0011341,  0011354,  0011423,  0011506,  0011513,  0011548,  0011565,  0011571,  0011584,  0011692,  0011750,  0011755,  0011756,  0011762,  0011856,  0011866,  0011889,  0011903,  0011911,  0011965,  0011978,  0012031,  0012032,  0012033,  0012037,  0012047,  0012091,  0012111,  0012163,  0012200,  0012214,  0012216,  0012255,  0012268,  0012289,  0012349,  0012383,  0012434,  0012442,  0012459,  0012487,  0012490,  0012526,  0012642,  0012656,  0012684,  0012735,  0012740,  0012762,  0012771,  0012783,  0012819,  0012842,  0012863,  0012868,  0012883
Ordered by TF:  0010305,  0010742,  0009775,  0010092,  0010134,  0010162,  0010573,  0010499,  0009976,  0010108,  0009809,  0010433,  0009724,  0010223,  0010773,  0011012,  0011276,  0009999,  0010214,  0010215,  0010327,  0010463,  0011978,  0012163,  0009615,  0009631,  0009640,  0009654,  0009670,  0009690,  0009736,  0009741,  0009949,  0009984,  0010224,  0010225,  0010272,  0010405,  0010477,  0010498,  0010504,  0010516,  0010588,  0010598,  0010611,  0010671,  0010832,  0009621,  0009632,  0009650,  0009655,  0009664,  0009665,  0009677,  0009726,  0009727,  0009747,  0009836,  0009843,  0009845,  0009861,  0009873,  0009893,  0009933,  0009955,  0009971,  0009988,  0010064,  0010084,  0010145,  0010148,  0010158,  0010168,  0010180,  0010256,  0010265,  0010376,  0010474,  0010479,  0010490,  0010514,  0010556,  0010568,  0010618,  0010665,  0010674,  0010691,  0010721,  0010748,  0010784,  0010803,  0010949,  0010965,  0011041,  0011085,  0011095,  0011178,  0011180,  0011191,  0011244,  0011337,  0011513,  0011548,  0011692,  0011903,  0012032,  0012268,  0012289,  0012434,  0012459,  0012783,  0012863, 0009604,  0009620,  0009622,  0009629,  0009644,  0009651,  0009698,  0009767,  0009774,  0009782,  0009788,  0009819,  0009820,  0009821,  0009826,  0009847,  0009894,  0009905,  0009950,  0009978,  0009980,  0009998,  0010003,  0010019,  0010026,  0010032,  0010041,  0010046,  0010051,  0010060,  0010066,  0010825,  0010138,  0010155,  0010159,  0010187,  0010202,  0010204,  0010213,  0010243,  0010273,  0010349,  0010394,  0010411,  0010412,  0010421,  0010432,  0010446,  0010476,  0010496,  0010513,  0010548,  0010569,  0010576,  0010599,  0010612,  0010614,  0010617,  0010623,  0010651,  0010652,  0010662,  0010693,  0010769,  0010814,  0010848,  0010850,  0010852,  0010856,  0010857,  0010911,  0010918,  0010986,  0011003,  0011005,  0011032,  0011084,  0011094,  0011097,  0011125,  0011157,  0011172,  0011179,  0011193,  0011210,  0011212,  0011226,  0011236,  0011250,  0011262,  0011296,  0011306,  0011316,  0011323,  0011330,  0011336,  0011341,  0011354,  0011423,  0011506,  0011565,  0011571,  0011584,  0011750,  0011755,  0011756,  0011762,  0011856,  0011866,  0011889,  0011911,  0011965,  0012031,  0012033,  0012037,  0012047,  0012091,  0012111,  0012200,  0012214,  0012216,  0012255,  0012349,  0012383,  0012442,  0012487,  0012490,  0012526,  0012642,  0012656,  0012684,  0012735,  0012740,  0012762,  0012771,  0012819,  0012842,  0012868,  0012883
FUNCTION: getPostings "i "the 
Ordered by doc IDs: 0009822,  0010825,  0011003,  0011343,0010825,  0011003
Ordered by TF: 0009822,  0011003,  0011343,  0010825,0010825,  0011003
FUNCTION: termAtATimeQueryAnd "i "the - 
5 documents are found 
507 comparisons are made 
2.7032906E16 seconds are used 
508 comparisons are made with optimization 
Result:  0010825,  0011003
FUNCTION: termAtATimeQueryOr "i "the 
1 documents are found 
2 comparisons are made 
5.652909E15 seconds are used 
4 comparisons are made with optimization 
Result: 0009822,  0010825, 0010825,  0011003, 0011003,  0011343
FUNCTION: docAtATimeQueryAnd "i "the - 
4 documents are found 
199 comparisons are made 
1.0116023E16 seconds are used 
Result:  0010825,  0011003
FUNCTION: docAtATimeQueryOr "i "the 
3 documents are found 
2 comparisons are made 
5.974635E15 seconds are used 
Result: 0009822, 0010825,  0011003,  0011343
